<?xml version="1.0" encoding="UTF-8"?>
<!-- Generated by org.testng.reporters.JUnitReportReporter -->
<testsuite hostname="SHI58495EU1103F" name="com.project.tests.TC_LoginTC" tests="1" failures="0" timestamp="2 May 2019 11:10:55 GMT" time="8.944" errors="0">
  <testcase name="loginTest" time="8.944" classname="com.project.tests.TC_LoginTC"/>
</testsuite> <!-- com.project.tests.TC_LoginTC -->
