<?xml version="1.0" encoding="UTF-8"?>
<!-- Generated by org.testng.reporters.JUnitReportReporter -->
<testsuite hostname="SHI58495EU1103F" name="com.project.tests.TC_LoginTC" tests="1" failures="0" timestamp="25 Mar 2019 14:44:36 GMT" time="2.321" errors="0">
  <testcase name="loginTest" time="2.321" classname="com.project.tests.TC_LoginTC"/>
</testsuite> <!-- com.project.tests.TC_LoginTC -->
