<?xml version="1.0" encoding="UTF-8"?>
<!-- Generated by org.testng.reporters.JUnitReportReporter -->
<testsuite hostname="SHI58495EU1103F" name="com.project.tests.TC_LoginTC" tests="1" failures="0" timestamp="29 Mar 2019 07:17:32 GMT" time="0.464" errors="0">
  <testcase name="loginTest" time="0.464" classname="com.project.tests.TC_LoginTC"/>
</testsuite> <!-- com.project.tests.TC_LoginTC -->
